<?xml version="1.0" encoding="UTF-8"?>
<!-- Generated by org.testng.reporters.JUnitXMLReporter -->
<testsuite ignored="2" hostname="jhonesLG" failures="0" tests="1" name="com-herokuapp-pagefactory-komal" time="6.02" errors="0" timestamp="2022-12-11T22:08:53 GMT">
  <testcase classname="com.herokuapp.internet.testsuite.LoginPageTest" name="verifyTheUsernameErrorMessage" time="0.625"/>
  <testcase classname="com.herokuapp.internet.testsuite.LoginPageTest" name="UserShouldLoginSuccessfullyWithValidCredentials" time="0.0">
    <ignored/>
  </testcase> <!-- UserShouldLoginSuccessfullyWithValidCredentials -->
  <testcase classname="com.herokuapp.internet.testsuite.LoginPageTest" name="verifyThePasswordErrorMessage" time="0.0">
    <ignored/>
  </testcase> <!-- verifyThePasswordErrorMessage -->
</testsuite> <!-- com-herokuapp-pagefactory-komal -->
