<?xml version="1.0" encoding="UTF-8"?>
<!-- Generated by org.testng.reporters.JUnitXMLReporter -->
<testsuite ignored="0" hostname="jhonesLG" failures="0" tests="3" name="Regression Test" time="13.5" errors="0" timestamp="2022-12-11T23:44:01 GMT">
  <testcase classname="com.herokuapp.internet.testsuite.LoginPageTest" name="UserShouldLoginSuccessfullyWithValidCredentials" time="0.675"/>
  <testcase classname="com.herokuapp.internet.testsuite.LoginPageTest" name="verifyThePasswordErrorMessage" time="0.591"/>
  <testcase classname="com.herokuapp.internet.testsuite.LoginPageTest" name="verifyTheUsernameErrorMessage" time="0.621"/>
</testsuite> <!-- Regression Test -->
